WARNING: Makefile 'package/feeds/packages/onionshare-cli/Makefile' has a dependency on 'python3-pysocks', which does not exist
WARNING: Makefile 'package/feeds/packages/onionshare-cli/Makefile' has a dependency on 'python3-unidecode', which does not exist
make[2]: Entering directory '/mnt/openwrt/scripts/config'
make[2]: 'conf' is up to date.
make[2]: Leaving directory '/mnt/openwrt/scripts/config'
make[1]: Entering directory '/mnt/openwrt'
+ mkdir -p /mnt/openwrt/staging_dir/target-aarch64_generic_musl
+ cd /mnt/openwrt/staging_dir/target-aarch64_generic_musl
+ mkdir -p bin lib stamp usr/include usr/lib
mkdir -p /mnt/openwrt/build_dir/target-aarch64_generic_musl/stamp
touch /mnt/openwrt/staging_dir/target-aarch64_generic_musl/.prepared
make[2]: Entering directory '/mnt/openwrt/package/utils/lua'
make[2]: Leaving directory '/mnt/openwrt/package/utils/lua'
time: package/utils/lua/host-compile#0.11#0.10#0.19
make[2]: Entering directory '/mnt/openwrt/package/system/apk'
make[2]: Leaving directory '/mnt/openwrt/package/system/apk'
time: package/system/apk/host-compile#0.12#0.09#0.19
make[2]: Entering directory '/mnt/openwrt/package/libs/toolchain'
echo "libgcc" >> /mnt/openwrt/staging_dir/target-aarch64_generic_musl/pkginfo/toolchain.default.install
echo "libc" >> /mnt/openwrt/staging_dir/target-aarch64_generic_musl/pkginfo/toolchain.default.install
echo "libpthread" >> /mnt/openwrt/staging_dir/target-aarch64_generic_musl/pkginfo/toolchain.default.install
echo "librt" >> /mnt/openwrt/staging_dir/target-aarch64_generic_musl/pkginfo/toolchain.default.install
make[2]: Leaving directory '/mnt/openwrt/package/libs/toolchain'
time: package/libs/toolchain/compile#0.09#0.07#0.15
make[2]: Entering directory '/mnt/openwrt/feeds/packages/utils/attr'
make[2]: Entering directory '/mnt/openwrt/package/libs/zlib'
make[2]: Entering directory '/mnt/openwrt/feeds/packages/libs/libffi'
echo "zlib" >> /mnt/openwrt/staging_dir/target-aarch64_generic_musl/pkginfo/zlib.default.install
make[2]: Leaving directory '/mnt/openwrt/package/libs/zlib'
time: package/libs/zlib/compile#0.12#0.07#0.19
make[2]: Leaving directory '/mnt/openwrt/feeds/packages/utils/attr'
time: package/feeds/packages/attr/compile#0.13#0.08#0.20
make[2]: Entering directory '/mnt/openwrt/package/libs/pcre2'
make[2]: Leaving directory '/mnt/openwrt/feeds/packages/libs/libffi'
time: package/feeds/packages/libffi/compile#0.16#0.13#0.27
make[2]: Leaving directory '/mnt/openwrt/package/libs/pcre2'
time: package/libs/pcre2/compile#0.14#0.10#0.21
make[2]: Entering directory '/mnt/openwrt/feeds/packages/libs/glib2'
echo "glib2" >> /mnt/openwrt/staging_dir/target-aarch64_generic_musl/pkginfo/glib2.default.install
make[2]: Leaving directory '/mnt/openwrt/feeds/packages/libs/glib2'
time: package/feeds/packages/glib2/compile#0.15#0.11#0.23
make[2]: Entering directory '/mnt/openwrt/feeds/packages/libs/libmbim'
mkdir -p /mnt/openwrt/dl
SHELL= flock /mnt/openwrt/tmp/.libmbim-1.32.0.tar.zst.flock -c '  	/mnt/openwrt/scripts/download.pl "/mnt/openwrt/dl" "libmbim-1.32.0.tar.zst" "75720195b8beb8bfaf75495dd54ef9b9674aa5152c749ae52ca426b315a5c191" "" || (  	echo "Checking out files from the git repository..."; mkdir -p /mnt/openwrt/tmp/dl && cd /mnt/openwrt/tmp/dl && rm -rf libmbim-1.32.0 && [ \! -d libmbim-1.32.0 ] && git clone --filter=blob:none  https://gitlab.freedesktop.org/mobile-broadband/libmbim.git libmbim-1.32.0 && (cd libmbim-1.32.0 && git checkout 1.32.0) && export TAR_TIMESTAMP=`cd libmbim-1.32.0 && git log -1 --no-show-signature --format='\''@%ct'\''` && echo "Generating formal git archive (apply .gitattributes rules)" && (cd libmbim-1.32.0 && git config core.abbrev 8 && git archive --format=tar HEAD --output=../libmbim-1.32.0.tar.git) &&  tar --numeric-owner --owner=0 --group=0 --ignore-failed-read -C libmbim-1.32.0 -f libmbim-1.32.0.tar.git -r .git .gitmodules 2>/dev/null  && rm -rf libmbim-1.32.0 && mkdir libmbim-1.32.0 && tar -C libmbim-1.32.0 -xf libmbim-1.32.0.tar.git && (cd libmbim-1.32.0 && git submodule update --init --recursive --  && rm -rf .git .gitmodules) && echo "Packing checkout..." && 	tar --numeric-owner --owner=0 --group=0 --mode=a-s --sort=name ${TAR_TIMESTAMP:+--mtime="$TAR_TIMESTAMP"} -c libmbim-1.32.0 | 	zstd -T0 --ultra -20 -c > /mnt/openwrt/tmp/dl/libmbim-1.32.0.tar.zst && mv /mnt/openwrt/tmp/dl/libmbim-1.32.0.tar.zst /mnt/openwrt/dl/ && rm -rf libmbim-1.32.0;  )  && ( file_hash="$(/mnt/openwrt/staging_dir/host/bin/mkhash sha256 "/mnt/openwrt/dl/libmbim-1.32.0.tar.zst")"; [ "$file_hash" = "75720195b8beb8bfaf75495dd54ef9b9674aa5152c749ae52ca426b315a5c191" ] || [ "75720195b8beb8bfaf75495dd54ef9b9674aa5152c749ae52ca426b315a5c191" = "skip" ] || { echo "Hash mismatch for file libmbim-1.32.0.tar.zst: expected 75720195b8beb8bfaf75495dd54ef9b9674aa5152c749ae52ca426b315a5c191, got $file_hash"; false; }; )    '
+ curl -f --connect-timeout 5 --retry 3 --location https://mirror2.immortalwrt.org/sources/libmbim-1.32.0.tar.zst
  % Total    % Received % Xferd  Average Speed   Time    Time     Time  Current
                                 Dload  Upload   Total   Spent    Left  Speed
  0     0    0     0    0     0      0      0 --:--:-- --:--:-- --:--:--     0  0     0    0     0    0     0      0      0 --:--:-- --:--:-- --:--:--     0100   138    0   138    0     0    299      0 --:--:-- --:--:-- --:--:--   299
100   371  100   371    0     0    675      0 --:--:-- --:--:-- --:--:--   675
 14  214k   14 32515    0     0  28871      0  0:00:07  0:00:01  0:00:06 28871100  214k  100  214k    0     0   167k      0  0:00:01  0:00:01 --:--:-- 1180k
touch /mnt/openwrt/build_dir/target-aarch64_generic_musl/libmbim-1.32.0/.prepared_ca4200090c762e85281808a72ba07cfa_6664517399ebbbc92a37c5bb081b5c53_check
. /mnt/openwrt/include/shell.sh; zstdcat /mnt/openwrt/dl/libmbim-1.32.0.tar.zst | tar -C /mnt/openwrt/build_dir/target-aarch64_generic_musl/libmbim-1.32.0/.. -xf -
[ ! -d ./src/ ] || cp -fpR ./src/. /mnt/openwrt/build_dir/target-aarch64_generic_musl/libmbim-1.32.0
touch /mnt/openwrt/build_dir/target-aarch64_generic_musl/libmbim-1.32.0/.prepared_ca4200090c762e85281808a72ba07cfa_6664517399ebbbc92a37c5bb081b5c53
rm -f /mnt/openwrt/build_dir/target-aarch64_generic_musl/libmbim-1.32.0/.configured_*
rm -f /mnt/openwrt/staging_dir/target-aarch64_generic_musl/stamp/.libmbim_installed
/mnt/openwrt/staging_dir/host/bin/sed -e "s|@CC@|'/mnt/openwrt/staging_dir/host/bin/gcc',|" -e "s|@CXX@|'/mnt/openwrt/staging_dir/host/bin/g++',|" -e "s|@PKGCONFIG@|/mnt/openwrt/staging_dir/host/bin/pkg-config|" -e "s|@CMAKE@|/mnt/openwrt/staging_dir/host/bin/cmake|" -e "s|@PYTHON@|/mnt/openwrt/staging_dir/host/bin/python3|" -e "s|@CFLAGS@|'-O2', '-I/mnt/openwrt/staging_dir/host/include', '-I/mnt/openwrt/staging_dir/hostpkg/include', '-I/mnt/openwrt/staging_dir/target-aarch64_generic_musl/host/include', '-I/mnt/openwrt/staging_dir/host/include', '-I/mnt/openwrt/staging_dir/hostpkg/include', '-I/mnt/openwrt/staging_dir/target-aarch64_generic_musl/host/include',|" -e "s|@CXXFLAGS@|'-O2', '-I/mnt/openwrt/staging_dir/host/include', '-I/mnt/openwrt/staging_dir/hostpkg/include', '-I/mnt/openwrt/staging_dir/target-aarch64_generic_musl/host/include', '-I/mnt/openwrt/staging_dir/host/include', '-I/mnt/openwrt/staging_dir/hostpkg/include', '-I/mnt/openwrt/staging_dir/target-aarch64_generic_musl/host/include',|" -e "s|@LDFLAGS@|'-L/mnt/openwrt/staging_dir/host/lib', '-L/mnt/openwrt/staging_dir/hostpkg/lib', '-L/mnt/openwrt/staging_dir/target-aarch64_generic_musl/host/lib',|" -e "s|@PREFIX@||" < /mnt/openwrt/staging_dir/host/lib/meson/openwrt-native.txt.in > /mnt/openwrt/build_dir/target-aarch64_generic_musl/libmbim-1.32.0/openwrt-native.txt
/mnt/openwrt/staging_dir/host/bin/sed -e "s|@CC@|'aarch64-openwrt-linux-musl-gcc',|" -e "s|@CXX@|'aarch64-openwrt-linux-musl-g++',|" -e "s|@LD@|'bfd',|" -e "s|@AR@|aarch64-openwrt-linux-musl-gcc-ar|" -e "s|@STRIP@|aarch64-openwrt-linux-musl-strip|" -e "s|@NM@|aarch64-openwrt-linux-musl-gcc-nm|" -e "s|@PKGCONFIG@|/mnt/openwrt/staging_dir/host/bin/pkg-config|" -e "s|@CMAKE@|/mnt/openwrt/staging_dir/host/bin/cmake|" -e "s|@PYTHON@|/mnt/openwrt/staging_dir/host/bin/python3|" -e "s|@CFLAGS@|'-Os', '-pipe', '-mcpu=generic', '-fno-caller-saves', '-fno-plt', '-fhonour-copts', '-fmacro-prefix-map=/mnt/openwrt/build_dir/target-aarch64_generic_musl/libmbim-1.32.0=libmbim-1.32.0', '-ffunction-sections', '-fdata-sections', '-Wl,-z,max-page-size=4096', '-Wformat', '-Werror=format-security', '-fstack-protector', '-D_FORTIFY_SOURCE=1', '-Wl,-z,now', '-Wl,-z,relro', '-Wl,-z,pack-relative-relocs', '-fno-merge-all-constants', '-fmerge-constants', '-I/mnt/openwrt/staging_dir/toolchain-aarch64_generic_gcc-14.3.0_musl/usr/include', '-I/mnt/openwrt/staging_dir/toolchain-aarch64_generic_gcc-14.3.0_musl/include', '-I/mnt/openwrt/staging_dir/toolchain-aarch64_generic_gcc-14.3.0_musl/include/fortify',|" -e "s|@CXXFLAGS@|'-Os', '-pipe', '-mcpu=generic', '-fno-caller-saves', '-fno-plt', '-fhonour-copts', '-fmacro-prefix-map=/mnt/openwrt/build_dir/target-aarch64_generic_musl/libmbim-1.32.0=libmbim-1.32.0', '-ffunction-sections', '-fdata-sections', '-Wl,-z,max-page-size=4096', '-Wformat', '-Werror=format-security', '-fstack-protector', '-D_FORTIFY_SOURCE=1', '-Wl,-z,now', '-Wl,-z,relro', '-Wl,-z,pack-relative-relocs', '-fno-merge-all-constants', '-fmerge-constants', '-ffunction-sections', '-fdata-sections', '-I/mnt/openwrt/staging_dir/toolchain-aarch64_generic_gcc-14.3.0_musl/usr/include', '-I/mnt/openwrt/staging_dir/toolchain-aarch64_generic_gcc-14.3.0_musl/include', '-I/mnt/openwrt/staging_dir/toolchain-aarch64_generic_gcc-14.3.0_musl/include/fortify',|" -e "s|@LDFLAGS@|'-L/mnt/openwrt/staging_dir/toolchain-aarch64_generic_gcc-14.3.0_musl/usr/lib', '-L/mnt/openwrt/staging_dir/toolchain-aarch64_generic_gcc-14.3.0_musl/lib', '-fuse-ld=bfd', '-Wl,--gc-sections', '-zmax-page-size=4096', '-znow', '-zrelro', '-zpack-relative-relocs',|" -e "s|@ARCH@|"aarch64"|" -e "s|@CPU@|"generic"|" -e "s|@ENDIAN@|little|" < /mnt/openwrt/staging_dir/host/lib/meson/openwrt-cross.txt.in > /mnt/openwrt/build_dir/target-aarch64_generic_musl/libmbim-1.32.0/openwrt-cross.txt
/mnt/openwrt/staging_dir/host/bin/python3 /mnt/openwrt/staging_dir/host/bin/meson.py  setup --buildtype plain --native-file /mnt/openwrt/build_dir/target-aarch64_generic_musl/libmbim-1.32.0/openwrt-native.txt --cross-file /mnt/openwrt/build_dir/target-aarch64_generic_musl/libmbim-1.32.0/openwrt-cross.txt -Ddefault_library=both -Dintrospection=false -Dman=false -Dbash_completion=false -Db_lto=true /mnt/openwrt/build_dir/target-aarch64_generic_musl/libmbim-1.32.0/openwrt-build /mnt/openwrt/build_dir/target-aarch64_generic_musl/libmbim-1.32.0/openwrt-build/..
The Meson build system
Version: 1.6.1
Source dir: /mnt/openwrt/build_dir/target-aarch64_generic_musl/libmbim-1.32.0
Build dir: /mnt/openwrt/build_dir/target-aarch64_generic_musl/libmbim-1.32.0/openwrt-build
Build type: cross build
Project name: libmbim
Project version: 1.32.0
C compiler for the host machine: aarch64-openwrt-linux-musl-gcc (gcc 14.3.0 "aarch64-openwrt-linux-musl-gcc (OpenWrt GCC 14.3.0 r39271-c8a90e7067) 14.3.0")
C linker for the host machine: aarch64-openwrt-linux-musl-gcc ld.bfd 2.44
C compiler for the build machine: /mnt/openwrt/staging_dir/host/bin/gcc (gcc 13.3.0 "gcc (Ubuntu 13.3.0-6ubuntu2~24.04.1) 13.3.0")
C linker for the build machine: /mnt/openwrt/staging_dir/host/bin/gcc ld.bfd 2.42
Build machine cpu family: x86_64
Build machine cpu: x86_64
Host machine cpu family: aarch64
Host machine cpu: generic
Target machine cpu family: aarch64
Target machine cpu: generic
Program python3 found: YES (/mnt/openwrt/staging_dir/host/bin/python3)
Program /mnt/openwrt/build_dir/target-aarch64_generic_musl/libmbim-1.32.0/build-aux/mbim-codegen/mbim-codegen found: YES (/mnt/openwrt/build_dir/target-aarch64_generic_musl/libmbim-1.32.0/build-aux/mbim-codegen/mbim-codegen)
Program /mnt/openwrt/build_dir/target-aarch64_generic_musl/libmbim-1.32.0/build-aux/mbim-mkenums found: YES (/mnt/openwrt/build_dir/target-aarch64_generic_musl/libmbim-1.32.0/build-aux/mbim-mkenums)
Compiler for C supports arguments -Wno-unused-parameter: YES 
Compiler for C supports arguments -Wno-cast-function-type: YES 
Compiler for C supports arguments -Wno-packed: YES 
Found pkg-config: YES (/mnt/openwrt/staging_dir/host/bin/pkg-config) 2.5.1
Run-time dependency glib-2.0 found: YES 2.82.0
Run-time dependency gio-unix-2.0 found: YES 2.82.0
Run-time dependency gio-2.0 found: YES 2.82.0
Run-time dependency gobject-2.0 found: YES 2.82.0
Configuring mbim-version.h using configuration
Compiler for C supports link arguments -Wl,--version-script,/mnt/openwrt/build_dir/target-aarch64_generic_musl/libmbim-1.32.0/src/libmbim-glib/symbol.map: YES 
Configuring mbim-network using configuration
Configuring config.h using configuration
Build targets in project: 49

libmbim 1.32.0

  Build
    compiler             : gcc
    cflags               : -Wno-unused-parameter
                           -Wno-cast-function-type
                           -Wno-packed
    Documentation        : false
    bash completion      : false
    gobject introspection: false
    man pages            : false
    fuzzer               : false

  System paths
    prefix               : /usr
    udev base directory  : disabled

  Features
    MBIM username        : no (root)

  User defined options
    Cross files          : /mnt/openwrt/build_dir/target-aarch64_generic_musl/libmbim-1.32.0/openwrt-cross.txt
    Native files         : /mnt/openwrt/build_dir/target-aarch64_generic_musl/libmbim-1.32.0/openwrt-native.txt
    b_lto                : true
    bash_completion      : false
    buildtype            : plain
    default_library      : both
    introspection        : false
    man                  : false

Found ninja-1.13.2 at /mnt/openwrt/staging_dir/host/bin/ninja
touch /mnt/openwrt/build_dir/target-aarch64_generic_musl/libmbim-1.32.0/.configured_a17fb5ef857664f03cd0ce37cc5ea591
rm -f /mnt/openwrt/build_dir/target-aarch64_generic_musl/libmbim-1.32.0/.built
touch /mnt/openwrt/build_dir/target-aarch64_generic_musl/libmbim-1.32.0/.built_check
MAKEFLAGS="--jobserver-auth=3,4" /mnt/openwrt/staging_dir/host/bin/ninja   -C /mnt/openwrt/build_dir/target-aarch64_generic_musl/libmbim-1.32.0/openwrt-build 
ninja: Entering directory `/mnt/openwrt/build_dir/target-aarch64_generic_musl/libmbim-1.32.0/openwrt-build'
ninja: warning: Ignoring jobserver: Pipe-based protocol is not supported! [--jobserver-auth=3,4]
[1/127] Generating src/libmbim-glib/generated/mbim-error-types.c with a custom command (wrapped by meson because command contains newlines, to capture output)
[2/127] Generating src/libmbim-glib/generated/mbim-error-quarks.c with a custom command (wrapped by meson because command contains newlines, to capture output)
[3/127] Generating src/libmbim-glib/generated/mbim-error-types.h with a custom command (wrapped by meson because command contains newlines, to capture output)
[4/127] Generating src/libmbim-glib/generated/mbim-flag-types.h with a custom command (wrapped by meson because command contains newlines, to capture output)
[5/127] Generating src/libmbim-glib/generated/mbim-enum-types.c with a custom command (wrapped by meson because command contains newlines, to capture output)
[6/127] Generating src/libmbim-glib/generated/mbim-atds with a custom command
[7/127] Generating src/libmbim-glib/generated/mbim-enum-types.h with a custom command (wrapped by meson because command contains newlines, to capture output)
[8/127] Generating src/libmbim-glib/generated/mbim-intel-firmware-update with a custom command
[9/127] Generating src/libmbim-glib/generated/mbim-auth with a custom command
[10/127] Generating src/libmbim-glib/generated/mbim-intel-thermal-rf with a custom command
[11/127] Generating src/libmbim-glib/generated/mbim-dss with a custom command
[12/127] Generating src/libmbim-glib/generated/mbim-basic-connect with a custom command
[13/127] Generating src/libmbim-glib/generated/mbim-ms-basic-connect-extensions with a custom command
[14/127] Generating src/libmbim-glib/generated/mbim-ms-uicc-low-level-access with a custom command
[15/127] Generating src/libmbim-glib/generated/mbim-ms-firmware-id with a custom command
[16/127] Generating src/libmbim-glib/generated/mbim-ms-sar with a custom command
[17/127] Generating src/libmbim-glib/generated/mbim-ms-host-shutdown with a custom command
[18/127] Generating src/libmbim-glib/generated/mbim-ms-voice-extensions with a custom command
[19/127] Generating src/libmbim-glib/generated/mbim-proxy-control with a custom command
[20/127] Generating src/libmbim-glib/generated/mbim-qdu with a custom command
[21/127] Generating src/libmbim-glib/generated/mbim-qmi with a custom command
[22/127] Generating src/libmbim-glib/generated/mbim-flag-types.c with a custom command (wrapped by meson because command contains newlines, to capture output)
[23/127] Generating src/libmbim-glib/generated/mbim-quectel with a custom command
[24/127] Generating src/libmbim-glib/generated/mbim-stk with a custom command
[25/127] Generating src/libmbim-glib/generated/mbim-ussd with a custom command
[26/127] Generating src/libmbim-glib/generated/mbim-phonebook with a custom command
[27/127] Generating src/libmbim-glib/generated/mbim-google with a custom command
[28/127] Generating src/libmbim-glib/generated/mbim-sms with a custom command
[29/127] Generating src/libmbim-glib/generated/mbim-fibocom with a custom command
[30/127] Generating src/libmbim-glib/generated/mbim-intel-tools with a custom command
[31/127] Generating src/libmbim-glib/generated/mbim-intel-mutual-authentication with a custom command
[32/127] Generating src/libmbim-glib/generated/mbim-compal with a custom command
[33/127] Compiling C object src/common/test/test-common.p/test-common.c.o
[34/127] Compiling C object src/common/libmbim-common.a.p/mbim-common.c.o
[35/127] Compiling C object src/libmbim-glib/generated/libmbim-glib-generated.a.p/meson-generated_.._mbim-error-quarks.c.o
[36/127] Compiling C object src/libmbim-glib/generated/libmbim-glib-generated.a.p/meson-generated_.._mbim-error-types.c.o
[37/127] Compiling C object src/libmbim-glib/generated/libmbim-glib-generated.a.p/meson-generated_.._mbim-enum-types.c.o
[38/127] Compiling C object src/libmbim-glib/generated/libmbim-glib-generated.a.p/meson-generated_.._mbim-flag-types.c.o
[39/127] Compiling C object src/libmbim-glib/generated/libmbim-glib-generated.a.p/meson-generated_.._mbim-dss.c.o
[40/127] Compiling C object src/libmbim-glib/generated/libmbim-glib-generated.a.p/meson-generated_.._mbim-atds.c.o
[41/127] Compiling C object src/libmbim-glib/generated/libmbim-glib-generated.a.p/meson-generated_.._mbim-intel-thermal-rf.c.o
[42/127] Compiling C object src/libmbim-glib/generated/libmbim-glib-generated.a.p/meson-generated_.._mbim-auth.c.o
[43/127] Compiling C object src/libmbim-glib/generated/libmbim-glib-generated.a.p/meson-generated_.._mbim-intel-firmware-update.c.o
[44/127] Compiling C object src/libmbim-glib/generated/libmbim-glib-generated.a.p/meson-generated_.._mbim-ms-host-shutdown.c.o
[45/127] Compiling C object src/libmbim-glib/generated/libmbim-glib-generated.a.p/meson-generated_.._mbim-ms-firmware-id.c.o
[46/127] Compiling C object src/libmbim-glib/generated/libmbim-glib-generated.a.p/meson-generated_.._mbim-ms-voice-extensions.c.o
[47/127] Compiling C object src/libmbim-glib/generated/libmbim-glib-generated.a.p/meson-generated_.._mbim-ms-sar.c.o
[48/127] Compiling C object src/libmbim-glib/generated/libmbim-glib-generated.a.p/meson-generated_.._mbim-ms-uicc-low-level-access.c.o
[49/127] Compiling C object src/libmbim-glib/generated/libmbim-glib-generated.a.p/meson-generated_.._mbim-phonebook.c.o
[50/127] Compiling C object src/libmbim-glib/generated/libmbim-glib-generated.a.p/meson-generated_.._mbim-proxy-control.c.o
[51/127] Compiling C object src/libmbim-glib/generated/libmbim-glib-generated.a.p/meson-generated_.._mbim-qmi.c.o
[52/127] Compiling C object src/libmbim-glib/generated/libmbim-glib-generated.a.p/meson-generated_.._mbim-quectel.c.o
[53/127] Compiling C object src/libmbim-glib/generated/libmbim-glib-generated.a.p/meson-generated_.._mbim-qdu.c.o
[54/127] Compiling C object src/libmbim-glib/generated/libmbim-glib-generated.a.p/meson-generated_.._mbim-ussd.c.o
[55/127] Compiling C object src/libmbim-glib/generated/libmbim-glib-generated.a.p/meson-generated_.._mbim-intel-mutual-authentication.c.o
[56/127] Compiling C object src/libmbim-glib/generated/libmbim-glib-generated.a.p/meson-generated_.._mbim-stk.c.o
[57/127] Compiling C object src/libmbim-glib/generated/libmbim-glib-generated.a.p/meson-generated_.._mbim-sms.c.o
[58/127] Compiling C object src/libmbim-glib/generated/libmbim-glib-generated.a.p/meson-generated_.._mbim-ms-basic-connect-extensions.c.o
[59/127] Compiling C object src/libmbim-glib/generated/libmbim-glib-generated.a.p/meson-generated_.._mbim-compal.c.o
[60/127] Compiling C object src/libmbim-glib/generated/libmbim-glib-generated.a.p/meson-generated_.._mbim-google.c.o
[61/127] Compiling C object src/libmbim-glib/libmbim-glib-core.a.p/mbim-cid.c.o
[62/127] Compiling C object src/libmbim-glib/generated/libmbim-glib-generated.a.p/meson-generated_.._mbim-intel-tools.c.o
[63/127] Compiling C object src/libmbim-glib/generated/libmbim-glib-generated.a.p/meson-generated_.._mbim-fibocom.c.o
[64/127] Compiling C object src/libmbim-glib/libmbim-glib-core.a.p/mbim-helpers.c.o
[65/127] Compiling C object src/libmbim-glib/libmbim-glib-core.a.p/mbim-device.c.o
[66/127] Compiling C object src/libmbim-glib/libmbim-glib-core.a.p/mbim-compat.c.o
[67/127] Compiling C object src/libmbim-glib/libmbim-glib-core.a.p/mbim-net-port-manager-wdm.c.o
[68/127] Compiling C object src/libmbim-glib/libmbim-glib-core.a.p/mbim-helpers-netlink.c.o
[69/127] Compiling C object src/libmbim-glib/libmbim-glib-core.a.p/mbim-net-port-manager-wwan.c.o
[70/127] Compiling C object src/libmbim-glib/generated/libmbim-glib-generated.a.p/meson-generated_.._mbim-basic-connect.c.o
[71/127] Compiling C object src/libmbim-glib/libmbim-glib-core.a.p/mbim-utils.c.o
[72/127] Compiling C object src/libmbim-glib/libmbim-glib-core.a.p/mbim-net-port-manager.c.o
[73/127] Compiling C object src/libmbim-glib/libmbim-glib-core.a.p/mbim-proxy-helpers.c.o
[74/127] Linking static target src/common/libmbim-common.a
[75/127] Compiling C object src/libmbim-glib/libmbim-glib-core.a.p/mbim-uuid.c.o
[76/127] Compiling C object src/libmbim-glib/libmbim-glib-core.a.p/mbim-proxy.c.o
[77/127] Compiling C object src/libmbim-glib/test/test-cid.p/test-cid.c.o
[78/127] Compiling C object src/libmbim-glib/test/test-uuid.p/test-uuid.c.o
[79/127] Compiling C object src/libmbim-glib/test/test-message-fuzzer-samples.p/test-message-fuzzer-samples.c.o
[80/127] Compiling C object src/libmbim-glib/libmbim-glib-core.a.p/mbim-tlv.c.o
[81/127] Compiling C object src/libmbim-glib/libmbim-glib-core.a.p/mbim-message.c.o
[82/127] Compiling C object src/libmbim-glib/test/test-fragment.p/test-fragment.c.o
[83/127] Linking static target src/libmbim-glib/libmbim-glib-core.a
[84/127] Compiling C object src/libmbim-glib/test/test-message.p/test-message.c.o
[85/127] Compiling C object src/mbimcli/mbimcli.p/mbimcli.c.o
[86/127] Compiling C object src/libmbim-glib/test/test-proxy-helpers.p/test-proxy-helpers.c.o
[87/127] Compiling C object src/libmbim-glib/test/test-message-parser.p/test-message-parser.c.o
[88/127] Compiling C object src/mbimcli/mbimcli.p/mbimcli-atds.c.o
[89/127] Compiling C object src/libmbim-glib/test/test-message-builder.p/test-message-builder.c.o
[90/127] Compiling C object src/mbimcli/mbimcli.p/mbimcli-basic-connect.c.o
[91/127] Compiling C object src/mbimcli/mbimcli.p/mbimcli-dss.c.o
[92/127] Compiling C object src/mbimcli/mbimcli.p/mbimcli-compal.c.o
[93/127] Compiling C object src/mbimcli/mbimcli.p/mbimcli-google.c.o
[94/127] Compiling C object src/mbimcli/mbimcli.p/mbimcli-fibocom.c.o
[95/127] Compiling C object src/mbimcli/mbimcli.p/mbimcli-intel-firmware-update.c.o
[96/127] Compiling C object src/mbimcli/mbimcli.p/mbimcli-intel-thermal-rf.c.o
[97/127] Compiling C object src/mbimcli/mbimcli.p/mbimcli-intel-mutual-authentication.c.o
[98/127] Compiling C object src/mbimcli/mbimcli.p/mbimcli-intel-tools.c.o
[99/127] Compiling C object src/mbimcli/mbimcli.p/mbimcli-ms-basic-connect-extensions.c.o
[100/127] Compiling C object src/mbimcli/mbimcli.p/mbimcli-ms-host-shutdown.c.o
[101/127] Compiling C object src/mbimcli/mbimcli.p/mbimcli-ms-uicc-low-level-access.c.o
[102/127] Compiling C object src/mbimcli/mbimcli.p/mbimcli-ms-sar.c.o
[103/127] Compiling C object src/mbimcli/mbimcli.p/mbimcli-ms-firmware-id.c.o
[104/127] Compiling C object src/mbimcli/mbimcli.p/mbimcli-sms.c.o
[105/127] Compiling C object src/mbimcli/mbimcli.p/mbimcli-ms-voice-extensions.c.o
[106/127] Compiling C object src/mbimcli/mbimcli.p/mbimcli-phonebook.c.o
[107/127] Compiling C object src/mbimcli/mbimcli.p/mbimcli-quectel.c.o
[108/127] Compiling C object src/mbimcli/mbimcli.p/mbimcli-helpers.c.o
[109/127] Linking static target src/libmbim-glib/generated/libmbim-glib-generated.a
[110/127] Linking static target src/libmbim-glib/libmbim-glib.a
[111/127] Compiling C object src/mbim-proxy/mbim-proxy.p/mbim-proxy.c.o
[112/127] Compiling C object examples/simple-tester-c/simple-tester-c.p/simple-tester-c.c.o
[113/127] Compiling C object src/mbimcli/mbimcli.p/mbimcli-link-management.c.o
[114/127] Linking target src/common/test/test-common
[115/127] Linking target src/libmbim-glib/test/test-cid
[116/127] Linking target src/libmbim-glib/test/test-uuid
[117/127] Linking target src/libmbim-glib/test/test-fragment
[118/127] Linking target src/libmbim-glib/test/test-message
[119/127] Linking target src/libmbim-glib/test/test-proxy-helpers
[120/127] Linking target src/libmbim-glib/test/test-message-fuzzer-samples
[121/127] Linking target src/libmbim-glib/libmbim-glib.so.4.9.0
[122/127] Generating symbol file src/libmbim-glib/libmbim-glib.so.4.9.0.p/libmbim-glib.so.4.9.0.symbols
[123/127] Linking target src/mbim-proxy/mbim-proxy
[124/127] Linking target examples/simple-tester-c/simple-tester-c
[125/127] Linking target src/mbimcli/mbimcli
[126/127] Linking target src/libmbim-glib/test/test-message-parser
[127/127] Linking target src/libmbim-glib/test/test-message-builder
DESTDIR="/mnt/openwrt/build_dir/target-aarch64_generic_musl/libmbim-1.32.0/ipkg-install" MAKEFLAGS="--jobserver-auth=3,4" /mnt/openwrt/staging_dir/host/bin/ninja   -C /mnt/openwrt/build_dir/target-aarch64_generic_musl/libmbim-1.32.0/openwrt-build install
ninja: Entering directory `/mnt/openwrt/build_dir/target-aarch64_generic_musl/libmbim-1.32.0/openwrt-build'
ninja: warning: Ignoring jobserver: Pipe-based protocol is not supported! [--jobserver-auth=3,4]
[0/1] Installing files.
Installing src/libmbim-glib/generated/mbim-error-types.h to /mnt/openwrt/build_dir/target-aarch64_generic_musl/libmbim-1.32.0/ipkg-install/usr/include/libmbim-glib
Installing src/libmbim-glib/generated/mbim-enum-types.h to /mnt/openwrt/build_dir/target-aarch64_generic_musl/libmbim-1.32.0/ipkg-install/usr/include/libmbim-glib
Installing src/libmbim-glib/generated/mbim-flag-types.h to /mnt/openwrt/build_dir/target-aarch64_generic_musl/libmbim-1.32.0/ipkg-install/usr/include/libmbim-glib
Installing src/libmbim-glib/generated/mbim-atds.h to /mnt/openwrt/build_dir/target-aarch64_generic_musl/libmbim-1.32.0/ipkg-install/usr/include/libmbim-glib
Installing src/libmbim-glib/generated/mbim-auth.h to /mnt/openwrt/build_dir/target-aarch64_generic_musl/libmbim-1.32.0/ipkg-install/usr/include/libmbim-glib
Installing src/libmbim-glib/generated/mbim-basic-connect.h to /mnt/openwrt/build_dir/target-aarch64_generic_musl/libmbim-1.32.0/ipkg-install/usr/include/libmbim-glib
Installing src/libmbim-glib/generated/mbim-dss.h to /mnt/openwrt/build_dir/target-aarch64_generic_musl/libmbim-1.32.0/ipkg-install/usr/include/libmbim-glib
Installing src/libmbim-glib/generated/mbim-intel-firmware-update.h to /mnt/openwrt/build_dir/target-aarch64_generic_musl/libmbim-1.32.0/ipkg-install/usr/include/libmbim-glib
Installing src/libmbim-glib/generated/mbim-intel-thermal-rf.h to /mnt/openwrt/build_dir/target-aarch64_generic_musl/libmbim-1.32.0/ipkg-install/usr/include/libmbim-glib
Installing src/libmbim-glib/generated/mbim-ms-basic-connect-extensions.h to /mnt/openwrt/build_dir/target-aarch64_generic_musl/libmbim-1.32.0/ipkg-install/usr/include/libmbim-glib
Installing src/libmbim-glib/generated/mbim-ms-uicc-low-level-access.h to /mnt/openwrt/build_dir/target-aarch64_generic_musl/libmbim-1.32.0/ipkg-install/usr/include/libmbim-glib
Installing src/libmbim-glib/generated/mbim-ms-firmware-id.h to /mnt/openwrt/build_dir/target-aarch64_generic_musl/libmbim-1.32.0/ipkg-install/usr/include/libmbim-glib
Installing src/libmbim-glib/generated/mbim-ms-host-shutdown.h to /mnt/openwrt/build_dir/target-aarch64_generic_musl/libmbim-1.32.0/ipkg-install/usr/include/libmbim-glib
Installing src/libmbim-glib/generated/mbim-ms-sar.h to /mnt/openwrt/build_dir/target-aarch64_generic_musl/libmbim-1.32.0/ipkg-install/usr/include/libmbim-glib
Installing src/libmbim-glib/generated/mbim-ms-voice-extensions.h to /mnt/openwrt/build_dir/target-aarch64_generic_musl/libmbim-1.32.0/ipkg-install/usr/include/libmbim-glib
Installing src/libmbim-glib/generated/mbim-phonebook.h to /mnt/openwrt/build_dir/target-aarch64_generic_musl/libmbim-1.32.0/ipkg-install/usr/include/libmbim-glib
Installing src/libmbim-glib/generated/mbim-proxy-control.h to /mnt/openwrt/build_dir/target-aarch64_generic_musl/libmbim-1.32.0/ipkg-install/usr/include/libmbim-glib
Installing src/libmbim-glib/generated/mbim-qdu.h to /mnt/openwrt/build_dir/target-aarch64_generic_musl/libmbim-1.32.0/ipkg-install/usr/include/libmbim-glib
Installing src/libmbim-glib/generated/mbim-quectel.h to /mnt/openwrt/build_dir/target-aarch64_generic_musl/libmbim-1.32.0/ipkg-install/usr/include/libmbim-glib
Installing src/libmbim-glib/generated/mbim-qmi.h to /mnt/openwrt/build_dir/target-aarch64_generic_musl/libmbim-1.32.0/ipkg-install/usr/include/libmbim-glib
Installing src/libmbim-glib/generated/mbim-sms.h to /mnt/openwrt/build_dir/target-aarch64_generic_musl/libmbim-1.32.0/ipkg-install/usr/include/libmbim-glib
Installing src/libmbim-glib/generated/mbim-stk.h to /mnt/openwrt/build_dir/target-aarch64_generic_musl/libmbim-1.32.0/ipkg-install/usr/include/libmbim-glib
Installing src/libmbim-glib/generated/mbim-ussd.h to /mnt/openwrt/build_dir/target-aarch64_generic_musl/libmbim-1.32.0/ipkg-install/usr/include/libmbim-glib
Installing src/libmbim-glib/generated/mbim-intel-mutual-authentication.h to /mnt/openwrt/build_dir/target-aarch64_generic_musl/libmbim-1.32.0/ipkg-install/usr/include/libmbim-glib
Installing src/libmbim-glib/generated/mbim-intel-tools.h to /mnt/openwrt/build_dir/target-aarch64_generic_musl/libmbim-1.32.0/ipkg-install/usr/include/libmbim-glib
Installing src/libmbim-glib/generated/mbim-google.h to /mnt/openwrt/build_dir/target-aarch64_generic_musl/libmbim-1.32.0/ipkg-install/usr/include/libmbim-glib
Installing src/libmbim-glib/generated/mbim-fibocom.h to /mnt/openwrt/build_dir/target-aarch64_generic_musl/libmbim-1.32.0/ipkg-install/usr/include/libmbim-glib
Installing src/libmbim-glib/generated/mbim-compal.h to /mnt/openwrt/build_dir/target-aarch64_generic_musl/libmbim-1.32.0/ipkg-install/usr/include/libmbim-glib
Installing src/libmbim-glib/libmbim-glib.so.4.9.0 to /mnt/openwrt/build_dir/target-aarch64_generic_musl/libmbim-1.32.0/ipkg-install/usr/lib
Installing src/libmbim-glib/libmbim-glib.a to /mnt/openwrt/build_dir/target-aarch64_generic_musl/libmbim-1.32.0/ipkg-install/usr/lib
Installing src/mbimcli/mbimcli to /mnt/openwrt/build_dir/target-aarch64_generic_musl/libmbim-1.32.0/ipkg-install/usr/bin
Installing src/mbim-proxy/mbim-proxy to /mnt/openwrt/build_dir/target-aarch64_generic_musl/libmbim-1.32.0/ipkg-install/usr/libexec
Installing /mnt/openwrt/build_dir/target-aarch64_generic_musl/libmbim-1.32.0/src/libmbim-glib/mbim-errors.h to /mnt/openwrt/build_dir/target-aarch64_generic_musl/libmbim-1.32.0/ipkg-install/usr/include/libmbim-glib
Installing /mnt/openwrt/build_dir/target-aarch64_generic_musl/libmbim-1.32.0/src/libmbim-glib/mbim-cid.h to /mnt/openwrt/build_dir/target-aarch64_generic_musl/libmbim-1.32.0/ipkg-install/usr/include/libmbim-glib
Installing /mnt/openwrt/build_dir/target-aarch64_generic_musl/libmbim-1.32.0/src/libmbim-glib/mbim-enums.h to /mnt/openwrt/build_dir/target-aarch64_generic_musl/libmbim-1.32.0/ipkg-install/usr/include/libmbim-glib
Installing /mnt/openwrt/build_dir/target-aarch64_generic_musl/libmbim-1.32.0/src/libmbim-glib/mbim-message.h to /mnt/openwrt/build_dir/target-aarch64_generic_musl/libmbim-1.32.0/ipkg-install/usr/include/libmbim-glib
Installing /mnt/openwrt/build_dir/target-aarch64_generic_musl/libmbim-1.32.0/src/libmbim-glib/mbim-uuid.h to /mnt/openwrt/build_dir/target-aarch64_generic_musl/libmbim-1.32.0/ipkg-install/usr/include/libmbim-glib
Installing /mnt/openwrt/build_dir/target-aarch64_generic_musl/libmbim-1.32.0/src/libmbim-glib/mbim-tlv.h to /mnt/openwrt/build_dir/target-aarch64_generic_musl/libmbim-1.32.0/ipkg-install/usr/include/libmbim-glib
Installing /mnt/openwrt/build_dir/target-aarch64_generic_musl/libmbim-1.32.0/src/libmbim-glib/libmbim-glib.h to /mnt/openwrt/build_dir/target-aarch64_generic_musl/libmbim-1.32.0/ipkg-install/usr/include/libmbim-glib
Installing /mnt/openwrt/build_dir/target-aarch64_generic_musl/libmbim-1.32.0/src/libmbim-glib/mbim-compat.h to /mnt/openwrt/build_dir/target-aarch64_generic_musl/libmbim-1.32.0/ipkg-install/usr/include/libmbim-glib
Installing /mnt/openwrt/build_dir/target-aarch64_generic_musl/libmbim-1.32.0/src/libmbim-glib/mbim-device.h to /mnt/openwrt/build_dir/target-aarch64_generic_musl/libmbim-1.32.0/ipkg-install/usr/include/libmbim-glib
Installing /mnt/openwrt/build_dir/target-aarch64_generic_musl/libmbim-1.32.0/src/libmbim-glib/mbim-proxy.h to /mnt/openwrt/build_dir/target-aarch64_generic_musl/libmbim-1.32.0/ipkg-install/usr/include/libmbim-glib
Installing /mnt/openwrt/build_dir/target-aarch64_generic_musl/libmbim-1.32.0/src/libmbim-glib/mbim-utils.h to /mnt/openwrt/build_dir/target-aarch64_generic_musl/libmbim-1.32.0/ipkg-install/usr/include/libmbim-glib
Installing /mnt/openwrt/build_dir/target-aarch64_generic_musl/libmbim-1.32.0/openwrt-build/src/libmbim-glib/mbim-version.h to /mnt/openwrt/build_dir/target-aarch64_generic_musl/libmbim-1.32.0/ipkg-install/usr/include/libmbim-glib
Installing /mnt/openwrt/build_dir/target-aarch64_generic_musl/libmbim-1.32.0/openwrt-build/meson-private/mbim-glib.pc to /mnt/openwrt/build_dir/target-aarch64_generic_musl/libmbim-1.32.0/ipkg-install/usr/lib/pkgconfig
Installing /mnt/openwrt/build_dir/target-aarch64_generic_musl/libmbim-1.32.0/openwrt-build/utils/mbim-network to /mnt/openwrt/build_dir/target-aarch64_generic_musl/libmbim-1.32.0/ipkg-install/usr/bin
Installing symlink pointing to libmbim-glib.so.4.9.0 to /mnt/openwrt/build_dir/target-aarch64_generic_musl/libmbim-1.32.0/ipkg-install/usr/lib/libmbim-glib.so.4
Installing symlink pointing to libmbim-glib.so.4 to /mnt/openwrt/build_dir/target-aarch64_generic_musl/libmbim-1.32.0/ipkg-install/usr/lib/libmbim-glib.so
touch /mnt/openwrt/build_dir/target-aarch64_generic_musl/libmbim-1.32.0/.built
rm -rf /mnt/openwrt/build_dir/target-aarch64_generic_musl/libmbim-1.32.0/ipkg-aarch64_generic/libmbim
mkdir -p /mnt/openwrt/bin/targets/msm89xx/msm8916/packages /mnt/openwrt/build_dir/target-aarch64_generic_musl/libmbim-1.32.0/ipkg-aarch64_generic/libmbim /mnt/openwrt/staging_dir/target-aarch64_generic_musl/pkginfo
install -d -m0755 /mnt/openwrt/build_dir/target-aarch64_generic_musl/libmbim-1.32.0/ipkg-aarch64_generic/libmbim/usr/lib /mnt/openwrt/build_dir/target-aarch64_generic_musl/libmbim-1.32.0/ipkg-aarch64_generic/libmbim/usr/libexec
cp -fpR /mnt/openwrt/build_dir/target-aarch64_generic_musl/libmbim-1.32.0/ipkg-install/usr/lib/libmbim*.so.* /mnt/openwrt/build_dir/target-aarch64_generic_musl/libmbim-1.32.0/ipkg-aarch64_generic/libmbim/usr/lib/
install -m0755 /mnt/openwrt/build_dir/target-aarch64_generic_musl/libmbim-1.32.0/ipkg-install/usr/libexec/mbim-proxy /mnt/openwrt/build_dir/target-aarch64_generic_musl/libmbim-1.32.0/ipkg-aarch64_generic/libmbim/usr/libexec/
find /mnt/openwrt/build_dir/target-aarch64_generic_musl/libmbim-1.32.0/ipkg-aarch64_generic/libmbim -name '.svn' -o -name '.#*' -o -name '*~'| xargs -r rm -rf
Package libmbim is missing dependencies for the following libraries:
libgio-2.0.so.0
libglib-2.0.so.0
libgobject-2.0.so.0
make[2]: *** [Makefile:107: /mnt/openwrt/bin/packages/aarch64_generic/packages/libmbim-1.32.0-r1.apk] Error 1
make[2]: Leaving directory '/mnt/openwrt/feeds/packages/libs/libmbim'
time: package/feeds/packages/libmbim/compile#106.59#4.44#31.21
    ERROR: package/feeds/packages/libmbim failed to build.
make[1]: *** [package/Makefile:188: package/feeds/packages/libmbim/compile] Error 1
make[1]: Leaving directory '/mnt/openwrt'
make: *** [/mnt/openwrt/include/toplevel.mk:233: package/feeds/packages/libmbim/compile] Error 2
